2025-06-28 17:20:21,512 - INFO - Succesfully read the YAML file
2025-06-28 17:20:21,513 - INFO - Data Ingestion Started....
2025-06-28 17:20:21,513 - INFO - Starting Data Ingestion Process....
2025-06-28 17:20:24,680 - ERROR - Error while downloading data from GCP
2025-06-28 17:20:24,680 - ERROR - CustomException : Error in C:\Users\lenov\Documents\belajar\mlops\mlops-anime-recomendation\Code\src\data_ingestion.py , line 24 : Failed to download data
2025-06-28 17:20:24,680 - INFO - Data Ingestion DONE...
2025-06-28 17:20:56,715 - INFO - Succesfully read the YAML file
2025-06-28 17:20:56,715 - INFO - Data Ingestion Started....
2025-06-28 17:20:56,715 - INFO - Starting Data Ingestion Process....
2025-06-28 17:20:59,694 - ERROR - Error while downloading data from GCP
2025-06-28 17:20:59,694 - ERROR - CustomException : Error in C:\Users\lenov\Documents\belajar\mlops\mlops-anime-recomendation\Code\src\data_ingestion.py , line 24 : Failed to download data
2025-06-28 17:20:59,694 - INFO - Data Ingestion DONE...
2025-06-28 17:21:51,343 - INFO - Succesfully read the YAML file
2025-06-28 17:21:51,343 - INFO - Data Ingestion Started....
2025-06-28 17:21:51,344 - INFO - Starting Data Ingestion Process....
2025-06-28 17:21:54,578 - ERROR - Error while downloading data from GCP
2025-06-28 17:21:54,578 - ERROR - CustomException : Error in C:\Users\lenov\Documents\belajar\mlops\mlops-anime-recomendation\Code\src\data_ingestion.py , line 24 : Failed to download data
2025-06-28 17:21:54,579 - INFO - Data Ingestion DONE...
2025-06-28 17:22:22,736 - INFO - Succesfully read the YAML file
2025-06-28 17:22:22,736 - INFO - Data Ingestion Started....
2025-06-28 17:22:22,737 - INFO - Starting Data Ingestion Process....
2025-06-28 17:22:25,986 - ERROR - Error while downloading data from GCP
2025-06-28 17:22:25,986 - ERROR - CustomException : Error in c:\Users\lenov\Documents\belajar\mlops\mlops-anime-recomendation\Code\src\data_ingestion.py , line 24 : Failed to download data
2025-06-28 17:22:25,987 - INFO - Data Ingestion DONE...
2025-06-28 17:23:59,360 - INFO - Succesfully read the YAML file
2025-06-28 17:23:59,360 - INFO - Data Ingestion Started....
2025-06-28 17:23:59,361 - INFO - Starting Data Ingestion Process....
2025-06-28 17:24:02,549 - ERROR - Error while downloading data from GCP
2025-06-28 17:24:02,549 - ERROR - CustomException : Error in C:\Users\lenov\Documents\belajar\mlops\mlops-anime-recomendation\Code\src\data_ingestion.py , line 24 : Failed to download data
2025-06-28 17:24:02,550 - INFO - Data Ingestion DONE...
2025-06-28 17:25:19,103 - INFO - Succesfully read the YAML file
2025-06-28 17:25:19,104 - INFO - Data Ingestion Started....
2025-06-28 17:25:19,104 - INFO - Starting Data Ingestion Process....
2025-06-28 17:25:22,130 - ERROR - Error while downloading data from GCP
2025-06-28 17:25:22,131 - ERROR - CustomException : Error in C:\Users\lenov\Documents\belajar\mlops\mlops-anime-recomendation\Code\src\data_ingestion.py , line 24 : Failed to download data
2025-06-28 17:25:22,131 - INFO - Data Ingestion DONE...
2025-06-28 17:28:01,702 - INFO - Succesfully read the YAML file
2025-06-28 17:28:01,703 - INFO - Data Ingestion Started....
2025-06-28 17:28:01,703 - INFO - Starting Data Ingestion Process....
2025-06-28 17:28:04,553 - ERROR - Error while downloading data from GCP
2025-06-28 17:28:04,553 - ERROR - CustomException : Error in C:\Users\lenov\Documents\belajar\mlops\mlops-anime-recomendation\Code\src\data_ingestion.py , line 24 : Failed to download data
2025-06-28 17:28:04,553 - INFO - Data Ingestion DONE...
2025-06-28 17:28:48,635 - INFO - Succesfully read the YAML file
2025-06-28 17:28:48,635 - INFO - Data Ingestion Started....
2025-06-28 17:28:48,635 - INFO - Starting Data Ingestion Process....
2025-06-28 17:28:51,752 - ERROR - Error while downloading data from GCP
2025-06-28 17:28:51,752 - ERROR - CustomException : Error in C:\Users\lenov\Documents\belajar\mlops\mlops-anime-recomendation\Code\src\data_ingestion.py , line 24 : Failed to download data
2025-06-28 17:28:51,752 - INFO - Data Ingestion DONE...
2025-06-28 17:32:35,865 - INFO - Succesfully read the YAML file
2025-06-28 17:32:35,865 - INFO - Data Ingestion Started....
2025-06-28 17:32:35,865 - INFO - Starting Data Ingestion Process....
2025-06-28 17:32:38,832 - ERROR - Error while downloading data from GCP
2025-06-28 17:32:38,832 - ERROR - CustomException : Error in C:\Users\lenov\Documents\belajar\mlops\mlops-anime-recomendation\Code\src\data_ingestion.py , line 24 : Failed to download data
2025-06-28 17:32:38,832 - INFO - Data Ingestion DONE...
2025-06-28 17:33:39,079 - INFO - Succesfully read the YAML file
2025-06-28 17:33:39,079 - INFO - Data Ingestion Started....
2025-06-28 17:33:39,079 - INFO - Starting Data Ingestion Process....
2025-06-28 17:33:41,954 - ERROR - Error while downloading data from GCP
2025-06-28 17:33:41,955 - ERROR - CustomException : Error in c:\Users\lenov\Documents\belajar\mlops\mlops-anime-recomendation\Code\src\data_ingestion.py , line 24 : Failed to download data
2025-06-28 17:33:41,955 - INFO - Data Ingestion DONE...
2025-06-28 17:34:53,841 - INFO - Succesfully read the YAML file
2025-06-28 17:34:53,841 - INFO - Data Ingestion Started....
2025-06-28 17:34:53,841 - INFO - Starting Data Ingestion Process....
2025-06-28 17:34:56,958 - ERROR - Error while downloading data from GCP
2025-06-28 17:34:56,958 - ERROR - CustomException : Error in c:\Users\lenov\Documents\belajar\mlops\mlops-anime-recomendation\Code\src\data_ingestion.py , line 24 : Failed to download data
2025-06-28 17:34:56,958 - INFO - Data Ingestion DONE...
2025-06-28 17:39:16,910 - INFO - Succesfully read the YAML file
2025-06-28 17:39:16,910 - INFO - Data Ingestion Started....
2025-06-28 17:39:16,910 - INFO - Starting Data Ingestion Process....
2025-06-28 17:39:20,329 - INFO - Downloading Smaller Files ie anime and anime_with synopsis
2025-06-28 17:39:26,355 - INFO - Downloading Smaller Files ie anime and anime_with synopsis
2025-06-28 18:00:38,272 - INFO - Large file detected Only downloading 5M rows
2025-06-28 18:00:38,291 - INFO - Data Ingestion Completed...
2025-06-28 18:00:38,291 - INFO - Data Ingestion DONE...
